Flow report for ISEProject
Fri May 27 12:25:08 2011
Quartus II Version 8.0 Build 215 05/29/2008 SJ Full Version


---------------------
; Table of Contents ;
---------------------
  1. Legal Notice
  2. Flow Summary
  3. Flow Settings
  4. Flow Non-Default Global Settings
  5. Flow Elapsed Time
  6. Flow Log



----------------
; Legal Notice ;
----------------
Copyright (C) 1991-2008 Altera Corporation
Your use of Altera Corporation's design tools, logic functions 
and other software and tools, and its AMPP partner logic 
functions, and any output files from any of the foregoing 
(including device programming or simulation files), and any 
associated documentation or information are expressly subject 
to the terms and conditions of the Altera Program License 
Subscription Agreement, Altera MegaCore Function License 
Agreement, or other applicable license agreement, including, 
without limitation, that your use is for the sole purpose of 
programming logic devices manufactured by Altera and sold by 
Altera or its authorized distributors.  Please refer to the 
applicable agreement for further details.



+-------------------------------------------------------------------------------+
; Flow Summary                                                                  ;
+------------------------------------+------------------------------------------+
; Flow Status                        ; Successful - Fri May 27 12:25:08 2011    ;
; Quartus II Version                 ; 8.0 Build 215 05/29/2008 SJ Full Version ;
; Revision Name                      ; ISEProject                               ;
; Top-level Entity Name              ; ISEProject                               ;
; Family                             ; Cyclone II                               ;
; Device                             ; EP2C35F672C6                             ;
; Timing Models                      ; Final                                    ;
; Met timing requirements            ; No                                       ;
; Total logic elements               ; 6,330 / 33,216 ( 19 % )                  ;
;     Total combinational functions  ; 6,114 / 33,216 ( 18 % )                  ;
;     Dedicated logic registers      ; 1,637 / 33,216 ( 5 % )                   ;
; Total registers                    ; 1637                                     ;
; Total pins                         ; 157 / 475 ( 33 % )                       ;
; Total virtual pins                 ; 0                                        ;
; Total memory bits                  ; 42,095 / 483,840 ( 9 % )                 ;
; Embedded Multiplier 9-bit elements ; 20 / 70 ( 29 % )                         ;
; Total PLLs                         ; 0 / 4 ( 0 % )                            ;
+------------------------------------+------------------------------------------+


+-----------------------------------------+
; Flow Settings                           ;
+-------------------+---------------------+
; Option            ; Setting             ;
+-------------------+---------------------+
; Start date & time ; 05/27/2011 12:23:58 ;
; Main task         ; Compilation         ;
; Revision Name     ; ISEProject          ;
+-------------------+---------------------+


+--------------------------------------------------------------------------------------------------------------------------+
; Flow Non-Default Global Settings                                                                                         ;
+------------------------------------+--------------------------------+---------------+-------------+----------------------+
; Assignment Name                    ; Value                          ; Default Value ; Entity Name ; Section Id           ;
+------------------------------------+--------------------------------+---------------+-------------+----------------------+
; ALLOW_POWER_UP_DONT_CARE           ; Off                            ; On            ; --          ; --                   ;
; AUTO_PACKED_REGISTERS              ; Normal                         ; Off           ; --          ; --                   ;
; COMPILER_SIGNATURE_ID              ; 70787614108789.130649543700412 ; --            ; --          ; --                   ;
; EDA_DESIGN_ENTRY_SYNTHESIS_TOOL    ; DK Design Suite                ; <None>        ; --          ; --                   ;
; EDA_INPUT_DATA_FORMAT              ; Edif                           ; --            ; --          ; eda_design_synthesis ;
; EDA_LMF_FILE                       ; agility.lmf                    ; --            ; --          ; eda_design_synthesis ;
; PARTITION_COLOR                    ; 14622752                       ; --            ; --          ; Top                  ;
; PARTITION_NETLIST_TYPE             ; SOURCE                         ; --            ; --          ; Top                  ;
; SEARCH_PATH                        ; h:\iseproject                  ; --            ; --          ; --                   ;
; USE_GENERATED_PHYSICAL_CONSTRAINTS ; Off                            ; --            ; --          ; eda_palace           ;
+------------------------------------+--------------------------------+---------------+-------------+----------------------+


+-----------------------------------------------------------------------------------------------------------------------------+
; Flow Elapsed Time                                                                                                           ;
+-------------------------+--------------+-------------------------+---------------------+------------------------------------+
; Module Name             ; Elapsed Time ; Average Processors Used ; Peak Virtual Memory ; Total CPU Time (on all processors) ;
+-------------------------+--------------+-------------------------+---------------------+------------------------------------+
; Analysis & Synthesis    ; 00:00:23     ; 1.0                     ; 268 MB              ; 00:00:19                           ;
; Fitter                  ; 00:00:27     ; 1.0                     ; 300 MB              ; 00:00:26                           ;
; Assembler               ; 00:00:03     ; 1.0                     ; 270 MB              ; 00:00:02                           ;
; Classic Timing Analyzer ; 00:00:03     ; 1.0                     ; 204 MB              ; 00:00:02                           ;
; Total                   ; 00:00:56     ; --                      ; --                  ; 00:00:49                           ;
+-------------------------+--------------+-------------------------+---------------------+------------------------------------+


------------
; Flow Log ;
------------
quartus_map --read_settings_files=on --write_settings_files=off ISEProject -c ISEProject
quartus_fit --read_settings_files=off --write_settings_files=off ISEProject -c ISEProject
quartus_asm --read_settings_files=off --write_settings_files=off ISEProject -c ISEProject
quartus_tan --read_settings_files=off --write_settings_files=off ISEProject -c ISEProject --timing_analysis_only
quartus_eda --read_settings_files=off --write_settings_files=off ISEProject -c ISEProject



